android/app/build/intermediates/manifest_merge_blame_file/release/manifest-merger-blame-release-report.txt
1<?xml version="1.0" encoding="utf-8"?>
2<manifest xmlns:android="http://schemas.android.com/apk/res/android"
3    package="com.isocare"
4    android:versionCode="11"
5    android:versionName="1.8" >
6
7    <uses-sdk
8        android:minSdkVersion="16"
8-->src\main\AndroidManifest.xml
9        android:targetSdkVersion="29" />
9-->src\main\AndroidManifest.xml
10
11    <uses-permission android:name="android.permission.INTERNET" />
11-->src\main\AndroidManifest.xml:4:1-63
11-->src\main\AndroidManifest.xml:4:18-60
12    <uses-permission android:name="android.permission.CAMERA" />
12-->src\main\AndroidManifest.xml:5:1-61
12-->src\main\AndroidManifest.xml:5:18-58
13    <uses-permission android:name="android.permission.WRITE_EXTERNAL_STORAGE" />
13-->src\main\AndroidManifest.xml:6:1-76
13-->src\main\AndroidManifest.xml:6:18-74
14    <uses-permission android:name="android.permission.WAKE_LOCK" />
14-->[:react-native-background-timer] AndroidManifest.xml:11:5-68
14-->[:react-native-background-timer] AndroidManifest.xml:11:22-65
15    <uses-permission android:name="android.permission.ACCESS_COARSE_LOCATION" /> <!-- Required to access Google Play Licensing -->
15-->[:react-native-maps] AndroidManifest.xml:10:5-81
15-->[:react-native-maps] AndroidManifest.xml:10:22-78
16    <uses-permission android:name="com.android.vending.CHECK_LICENSE" />
16-->[:rn-fetch-blob] AndroidManifest.xml:12:5-73
16-->[:rn-fetch-blob] AndroidManifest.xml:12:22-70
17    <!--
18         Required to poll the state of the network connection
19        and respond to changes
20    -->
21    <uses-permission android:name="android.permission.ACCESS_NETWORK_STATE" /> <!-- Required to check whether Wi-Fi is enabled -->
21-->[:rn-fetch-blob] AndroidManifest.xml:27:5-79
21-->[:rn-fetch-blob] AndroidManifest.xml:27:22-76
22    <uses-permission android:name="android.permission.ACCESS_WIFI_STATE" />
22-->[:rn-fetch-blob] AndroidManifest.xml:30:5-76
22-->[:rn-fetch-blob] AndroidManifest.xml:30:22-73
23
24    <uses-feature
24-->[com.google.android.gms:play-services-maps:17.0.0] AndroidManifest.xml:26:5-28:35
25        android:glEsVersion="0x00020000"
25-->[com.google.android.gms:play-services-maps:17.0.0] AndroidManifest.xml:27:9-41
26        android:required="true" />
26-->[com.google.android.gms:play-services-maps:17.0.0] AndroidManifest.xml:28:9-32
27
28    <application
28-->src\main\AndroidManifest.xml:7:5-29:19
29        android:name="com.isocare.MainApplication"
29-->src\main\AndroidManifest.xml:8:7-38
30        android:allowBackup="false"
30-->src\main\AndroidManifest.xml:13:7-34
31        android:appComponentFactory="androidx.core.app.CoreComponentFactory"
31-->[androidx.core:core:1.1.0] AndroidManifest.xml:24:18-86
32        android:icon="@mipmap/ic_launcher"
32-->src\main\AndroidManifest.xml:10:7-41
33        android:label="@string/app_name"
33-->src\main\AndroidManifest.xml:9:7-39
34        android:roundIcon="@mipmap/ic_launcher_round"
34-->src\main\AndroidManifest.xml:11:7-52
35        android:theme="@style/AppTheme"
35-->src\main\AndroidManifest.xml:14:7-38
36        android:usesCleartextTraffic="true" >
36-->src\main\AndroidManifest.xml:12:7-42
37        <meta-data
37-->src\main\AndroidManifest.xml:15:7-16:52
38            android:name="com.facebook.sdk.ApplicationId"
38-->src\main\AndroidManifest.xml:15:18-63
39            android:value="@string/facebook_app_id" />
39-->src\main\AndroidManifest.xml:16:11-50
40
41        <activity
41-->src\main\AndroidManifest.xml:17:7-27:18
42            android:name="com.isocare.MainActivity"
42-->src\main\AndroidManifest.xml:18:9-37
43            android:configChanges="keyboard|keyboardHidden|orientation|screenSize|uiMode"
43-->src\main\AndroidManifest.xml:20:9-86
44            android:label="@string/app_name"
44-->src\main\AndroidManifest.xml:19:9-41
45            android:launchMode="singleTask"
45-->src\main\AndroidManifest.xml:21:9-40
46            android:windowSoftInputMode="adjustResize" >
46-->src\main\AndroidManifest.xml:22:9-51
47            <intent-filter>
47-->src\main\AndroidManifest.xml:23:9-26:25
48                <action android:name="android.intent.action.MAIN" />
48-->src\main\AndroidManifest.xml:24:13-65
48-->src\main\AndroidManifest.xml:24:21-62
49
50                <category android:name="android.intent.category.LAUNCHER" />
50-->src\main\AndroidManifest.xml:25:13-73
50-->src\main\AndroidManifest.xml:25:23-70
51            </intent-filter>
52        </activity>
53        <activity android:name="com.facebook.react.devsupport.DevSettingsActivity" />
53-->src\main\AndroidManifest.xml:28:7-84
53-->src\main\AndroidManifest.xml:28:17-81
54
55        <provider
55-->[:react-native-image-crop-picker] AndroidManifest.xml:13:9-21:20
56            android:name="androidx.core.content.FileProvider"
56-->[:react-native-image-crop-picker] AndroidManifest.xml:14:13-62
57            android:authorities="com.isocare.provider"
57-->[:react-native-image-crop-picker] AndroidManifest.xml:15:13-60
58            android:exported="false"
58-->[:react-native-image-crop-picker] AndroidManifest.xml:16:13-37
59            android:grantUriPermissions="true" >
59-->[:react-native-image-crop-picker] AndroidManifest.xml:17:13-47
60            <meta-data
60-->[:react-native-image-crop-picker] AndroidManifest.xml:18:13-20:58
61                android:name="android.support.FILE_PROVIDER_PATHS"
61-->[:react-native-image-crop-picker] AndroidManifest.xml:19:17-67
62                android:resource="@xml/provider_paths" />
62-->[:react-native-image-crop-picker] AndroidManifest.xml:20:17-55
63        </provider>
64
65        <activity
65-->[:react-native-image-crop-picker] AndroidManifest.xml:23:9-25:72
66            android:name="com.yalantis.ucrop.UCropActivity"
66-->[:react-native-image-crop-picker] AndroidManifest.xml:24:13-60
67            android:theme="@style/Theme.AppCompat.Light.NoActionBar" />
67-->[:react-native-image-crop-picker] AndroidManifest.xml:25:13-69
68
69        <provider
69-->[:react-native-image-picker] AndroidManifest.xml:10:9-18:20
70            android:name="com.imagepicker.FileProvider"
70-->[:react-native-image-picker] AndroidManifest.xml:11:13-56
71            android:authorities="com.isocare.provider"
71-->[:react-native-image-picker] AndroidManifest.xml:12:13-60
72            android:exported="false"
72-->[:react-native-image-picker] AndroidManifest.xml:13:13-37
73            android:grantUriPermissions="true" >
73-->[:react-native-image-picker] AndroidManifest.xml:14:13-47
74            <meta-data
74-->[:react-native-image-crop-picker] AndroidManifest.xml:18:13-20:58
75                android:name="android.support.FILE_PROVIDER_PATHS"
75-->[:react-native-image-crop-picker] AndroidManifest.xml:19:17-67
76                android:resource="@xml/provider_paths" />
76-->[:react-native-image-crop-picker] AndroidManifest.xml:20:17-55
77        </provider>
78        <provider
78-->[:rn-fetch-blob] AndroidManifest.xml:36:9-44:20
79            android:name="com.RNFetchBlob.Utils.FileProvider"
79-->[:rn-fetch-blob] AndroidManifest.xml:37:13-62
80            android:authorities="com.isocare.provider"
80-->[:rn-fetch-blob] AndroidManifest.xml:38:13-60
81            android:exported="false"
81-->[:rn-fetch-blob] AndroidManifest.xml:39:13-37
82            android:grantUriPermissions="true" >
82-->[:rn-fetch-blob] AndroidManifest.xml:40:13-47
83            <meta-data
83-->[:react-native-image-crop-picker] AndroidManifest.xml:18:13-20:58
84                android:name="android.support.FILE_PROVIDER_PATHS"
84-->[:react-native-image-crop-picker] AndroidManifest.xml:19:17-67
85                android:resource="@xml/provider_paths" />
85-->[:react-native-image-crop-picker] AndroidManifest.xml:20:17-55
86        </provider>
87
88        <activity
88-->[com.google.android.gms:play-services-auth:16.0.1] AndroidManifest.xml:23:9-27:75
89            android:name="com.google.android.gms.auth.api.signin.internal.SignInHubActivity"
89-->[com.google.android.gms:play-services-auth:16.0.1] AndroidManifest.xml:24:13-93
90            android:excludeFromRecents="true"
90-->[com.google.android.gms:play-services-auth:16.0.1] AndroidManifest.xml:25:13-46
91            android:exported="false"
91-->[com.google.android.gms:play-services-auth:16.0.1] AndroidManifest.xml:26:13-37
92            android:theme="@android:style/Theme.Translucent.NoTitleBar" />
92-->[com.google.android.gms:play-services-auth:16.0.1] AndroidManifest.xml:27:13-72
93        <!--
94            Service handling Google Sign-In user revocation. For apps that do not integrate with
95            Google Sign-In, this service will never be started.
96        -->
97        <service
97-->[com.google.android.gms:play-services-auth:16.0.1] AndroidManifest.xml:33:9-36:110
98            android:name="com.google.android.gms.auth.api.signin.RevocationBoundService"
98-->[com.google.android.gms:play-services-auth:16.0.1] AndroidManifest.xml:34:13-89
99            android:exported="true"
99-->[com.google.android.gms:play-services-auth:16.0.1] AndroidManifest.xml:35:13-36
100            android:permission="com.google.android.gms.auth.api.signin.permission.REVOCATION_NOTIFICATION" /> <!-- Needs to be explicitly declared on P+ -->
100-->[com.google.android.gms:play-services-auth:16.0.1] AndroidManifest.xml:36:13-107
101        <uses-library
101-->[com.google.android.gms:play-services-maps:17.0.0] AndroidManifest.xml:33:9-35:40
102            android:name="org.apache.http.legacy"
102-->[com.google.android.gms:play-services-maps:17.0.0] AndroidManifest.xml:34:13-50
103            android:required="false" />
103-->[com.google.android.gms:play-services-maps:17.0.0] AndroidManifest.xml:35:13-37
104
105        <activity
105-->[com.google.android.gms:play-services-base:17.0.0] AndroidManifest.xml:23:9-26:75
106            android:name="com.google.android.gms.common.api.GoogleApiActivity"
106-->[com.google.android.gms:play-services-base:17.0.0] AndroidManifest.xml:24:13-79
107            android:exported="false"
107-->[com.google.android.gms:play-services-base:17.0.0] AndroidManifest.xml:25:13-37
108            android:theme="@android:style/Theme.Translucent.NoTitleBar" />
108-->[com.google.android.gms:play-services-base:17.0.0] AndroidManifest.xml:26:13-72
109
110        <meta-data
110-->[com.google.android.gms:play-services-basement:17.0.0] AndroidManifest.xml:23:9-25:69
111            android:name="com.google.android.gms.version"
111-->[com.google.android.gms:play-services-basement:17.0.0] AndroidManifest.xml:24:13-58
112            android:value="@integer/google_play_services_version" />
112-->[com.google.android.gms:play-services-basement:17.0.0] AndroidManifest.xml:25:13-66
113    </application>
114
115</manifest>